{
  "RSpec": {
    "coverage": {
      "/home/akhare/tic-tac-toe-rb-online-web-sp-000/lib/tic_tac_toe.rb": [
        null,
        1,
        null,
        null,
        null,
        null,
        null,
        null,
        null,
        null,
        null,
        1,
        23,
        23,
        23,
        23,
        23,
        null,
        null,
        1,
        44569,
        null,
        null,
        1,
        23,
        null,
        null,
        1,
        44431,
        null,
        null,
        1,
        44569,
        null,
        null,
        1,
        58,
        58,
        522,
        130,
        null,
        null,
        58,
        null,
        null,
        1,
        23,
        23,
        null,
        null,
        1,
        44578,
        44572,
        44569,
        44569,
        23,
        23,
        23,
        null,
        44546,
        null,
        null,
        null,
        1,
        4,
        32,
        32,
        32,
        null,
        32,
        32,
        32,
        null,
        32,
        0,
        null,
        null,
        4,
        null,
        null,
        1,
        20,
        null,
        null,
        1,
        2,
        null,
        null,
        1,
        0,
        null,
        null,
        1,
        0,
        0,
        0,
        null,
        null,
        null,
        null,
        null,
        1,
        12,
        33,
        null,
        2,
        0,
        2,
        2,
        null,
        null
      ]
    },
    "timestamp": 1624554170
  }
}
